[1;34mgraphnet[0m: [32mINFO    [0m 2023-02-21 08:37:17 - get_logger - Writing log to [1mlogs/graphnet_20230221-083717.log[0m
[1;34mgraphnet[0m: [33mWARNING [0m 2023-02-21 08:37:18 - warn_once - `icecube` not available. Some functionality may be missing.[0m
[1;34mgraphnet[0m: [32mINFO    [0m 2023-02-21 08:37:31 - main - features: ['x', 'y', 'z', 'time', 'charge', 'auxiliary'][0m
[1;34mgraphnet[0m: [32mINFO    [0m 2023-02-21 08:37:32 - main - truth: ['zenith', 'azimuth'][0m
GPU available: True (cuda), used: True
TPU available: False, using: 0 TPU cores
IPU available: False, using: 0 IPUs
HPU available: False, using: 0 HPUs
Trainer already configured with model summary callbacks: [<class 'pytorch_lightning.callbacks.model_summary.ModelSummary'>]. Skipping setting a default `ModelSummary` callback.
GPU available: True (cuda), used: True
TPU available: False, using: 0 TPU cores
IPU available: False, using: 0 IPUs
HPU available: False, using: 0 HPUs
LOCAL_RANK: 0 - CUDA_VISIBLE_DEVICES: [0,1]

  | Name      | Type          | Params
--------------------------------------------
0 | _detector | IceCubeKaggle | 0     
1 | _gnn      | DynEdge       | 1.3 M 
2 | _tasks    | ModuleList    | 387   
--------------------------------------------
1.3 M     Trainable params
0         Non-trainable params
1.3 M     Total params
5.395     Total estimated model params size (MB)
[1;34mgraphnet[0m: [33mWARNING [0m 2023-02-21 08:46:35 - StandardModel.warning - A `Trainer` instance has already been constructed, possibly when the model was trained. Will use this to get predictions. Argument `gpus = [0]` will be ignored.[0m
LOCAL_RANK: 0 - CUDA_VISIBLE_DEVICES: [0,1]
